<?xml version="1.0" encoding="UTF-8"?>
<testng-results skipped="0" failed="0" total="1" passed="1">
  <reporter-output>
  </reporter-output>
  <suite name="Default suite" duration-ms="73" started-at="2014-06-22T09:10:12Z" finished-at="2014-06-22T09:10:12Z">
    <groups>
    </groups>
    <test name="Default test" duration-ms="73" started-at="2014-06-22T09:10:12Z" finished-at="2014-06-22T09:10:12Z">
      <class name="test.IntervalTest">
        <test-method status="PASS" signature="TestInsert()[pri:0, instance:test.IntervalTest@11d2887]" name="TestInsert" duration-ms="36" started-at="2014-06-22T12:10:12Z" finished-at="2014-06-22T12:10:12Z">
          <reporter-output>
          </reporter-output>
        </test-method> <!-- TestInsert -->
      </class> <!-- test.IntervalTest -->
    </test> <!-- Default test -->
  </suite> <!-- Default suite -->
</testng-results>
